INFO    : PreTeXt project found in `/workspaces/calculus`.
WARNING : Using CLI version 2.0.0 but project's `requirements.txt`
WARNING : is configured to use 1.7.5. Consider either installing
WARNING : CLI version 1.7.5 or changing `requirements.txt` to match 2.0.0.
INFO    : Preparing to build into /workspaces/calculus/output/web.
INFO    : discovering source file's directory name: /workspaces/calculus/source
INFO    : verifying and expanding input directory: /workspaces/calculus/source/../generated-assets
INFO    : input directory expanded to absolute path: /workspaces/calculus/generated-assets
INFO    : verifying and expanding input directory: /workspaces/calculus/source/../assets
INFO    : input directory expanded to absolute path: /workspaces/calculus/assets
INFO    : Runestone Services (via PreTeXt repository): version 7.1.2
INFO    : Runestone Services (using newer, via online CDN query): version 7.1.4
INFO    : converting /workspaces/calculus/source/main.ptx to HTML in /tmp/tmpz0r7iivo
INFO    : XSL conversion of /workspaces/calculus/source/main.ptx by /root/.ptx/xsl/pretext-html.xsl
INFO    : comprehensive messages, warnings, and errors:
INFO    :     * PTX:DEBUG: xref/@ref "firstDiscontinuityExampleDef" points to a "me" element.  (1) we made a mistake, and we need to add this element to a list of potential targets of a cross-reference, or (2) you made a mistake and really did not mean this particular construction, or (3) we need to have a discussion about the advisability of this element being a target.   (4) If you are trying to cross-reference a "p" element, perhaps using a "paragraphs" element is a good alternative.  If (1) or (3) could you please report me!
INFO    :     * PTX:WARNING:    An <xref> wants to build text using a number to identify the target, but the target (which has @xml:id "firstDiscontinuityExampleDef") does not have a number. You could try 'text="title"' or 'text="custom"' on the "xref".
INFO    :     *              located within: "Continuity" (xml:id), "Continuity" (title)
INFO    :     * PTX:DEBUG: xref/@ref "firstDiscontinuityExampleDef" points to a "me" element.  (1) we made a mistake, and we need to add this element to a list of potential targets of a cross-reference, or (2) you made a mistake and really did not mean this particular construction, or (3) we need to have a discussion about the advisability of this element being a target.   (4) If you are trying to cross-reference a "p" element, perhaps using a "paragraphs" element is a good alternative.  If (1) or (3) could you please report me!
INFO    :     * PTX:WARNING:    An <xref> wants to build text using a number to identify the target, but the target (which has @xml:id "firstDiscontinuityExampleDef") does not have a number. You could try 'text="title"' or 'text="custom"' on the "xref".
INFO    :     *              located within: "Continuity" (xml:id), "Continuity" (title)
INFO    : successful application of /root/.ptx/xsl/pretext-html.xsl
INFO    : 
Success! Run `pretext view` to see the results.

