INFO    : PreTeXt-CLI version: 2.3.9

INFO    : PreTeXt project found in `/workspaces/calculus`.
WARNING : Using CLI version 2.3.9 but project's `requirements.txt`
WARNING : is configured to use 1.7.5. Consider either installing
WARNING : CLI version 1.7.5 or running `pretext init --refresh`
WARNING : to update `requirements.txt` to match 2.3.9.
INFO    : converting Sage diagrams from /workspaces/calculus/source/main.ptx to HTML graphics for placement in /workspaces/calculus/generated-assets/sageplot
INFO    : extracting Sage diagrams from /workspaces/calculus/source/main.ptx
INFO    : XSL conversion of /workspaces/calculus/source/main.ptx by /home/vscode/.ptx/xsl/extract-sageplot.xsl
INFO    : comprehensive messages, warnings, and errors:
INFO    : successful application of /home/vscode/.ptx/xsl/extract-sageplot.xsl
INFO    : converting Sage diagrams from /workspaces/calculus/source/main.ptx to SVG graphics for placement in /workspaces/calculus/generated-assets/sageplot
INFO    : extracting Sage diagrams from /workspaces/calculus/source/main.ptx
INFO    : XSL conversion of /workspaces/calculus/source/main.ptx by /home/vscode/.ptx/xsl/extract-sageplot.xsl
INFO    : comprehensive messages, warnings, and errors:
INFO    : successful application of /home/vscode/.ptx/xsl/extract-sageplot.xsl
INFO    : converting firstDiscontinuityExampleGraph.sage to firstDiscontinuityExampleGraph.svg
INFO    : converting sec-areaProblem-2-3.sage to sec-areaProblem-2-3.svg
INFO    : converting sec-RiemannsSolution-2-3.sage to sec-RiemannsSolution-2-3.svg
INFO    : converting sec-areaProblem-2-10.sage to sec-areaProblem-2-10.svg
INFO    : converting otherPropsOfContinuity-2-1.sage to otherPropsOfContinuity-2-1.svg
INFO    : converting sec-definitionOfDerivative-13-12.sage to sec-definitionOfDerivative-13-12.svg
INFO    : converting sec-theExtremeValueTheorem-2-3.sage to sec-theExtremeValueTheorem-2-3.svg
INFO    : converting otherPropsOfContinuity-4-2.sage to otherPropsOfContinuity-4-2.svg
INFO    : converting sec-theExtremeValueTheorem-2-10.sage to sec-theExtremeValueTheorem-2-10.svg
INFO    : converting sec-areaProblem-2-6.sage to sec-areaProblem-2-6.svg
INFO    : converting badDiscontinuityExampleGraph.sage to badDiscontinuityExampleGraph.svg
INFO    : converting sec-fullExample-2-4.sage to sec-fullExample-2-4.svg
INFO    : converting sec-areas-2-11.sage to sec-areas-2-11.svg
INFO    : converting sec-definitionOfDerivative-9.sage to sec-definitionOfDerivative-9.svg
INFO    : converting sec-introToOptimization-4-3.sage to sec-introToOptimization-4-3.svg
INFO    : converting sec-introToOptimization-4-7.sage to sec-introToOptimization-4-7.svg
INFO    : converting sec-tangentProblem-2-2.sage to sec-tangentProblem-2-2.svg
INFO    : converting sec-tangentProblem-5-1.sage to sec-tangentProblem-5-1.svg
INFO    : converting sec-tangentProblem-3-14.sage to sec-tangentProblem-3-14.svg
INFO    : converting sec-RiemannsSolution-2-9.sage to sec-RiemannsSolution-2-9.svg
INFO    : converting sec-areas-2-3.sage to sec-areas-2-3.svg
INFO    : converting sec-introToOptimization-3-2.sage to sec-introToOptimization-3-2.svg
INFO    : converting sec-areas-2-6.sage to sec-areas-2-6.svg
INFO    : converting sec-RiemannsSolution-2-18.sage to sec-RiemannsSolution-2-18.svg
INFO    : converting sec-definitionOfDerivative-13-2.sage to sec-definitionOfDerivative-13-2.svg
INFO    : Removing temporary directory /tmp/tmpj275pyo4
INFO    : Removing temporary directory /tmp/tmp8p5fxpvr
INFO    : Preparing to build into /workspaces/calculus/output/web.
INFO    : discovering source file's directory name: /workspaces/calculus/source
INFO    : verifying and expanding input directory: /workspaces/calculus/source/../generated-assets
INFO    : input directory expanded to absolute path: /workspaces/calculus/generated-assets
INFO    : verifying and expanding input directory: /workspaces/calculus/source/../assets
INFO    : input directory expanded to absolute path: /workspaces/calculus/assets
INFO    : Runestone Services (via PreTeXt repository): version 7.2.9
INFO    : Runestone Services (using newer, via online CDN query): version 7.2.15
INFO    : converting /workspaces/calculus/source/main.ptx to HTML in /tmp/tmp66846n2t
INFO    : XSL conversion of /workspaces/calculus/source/main.ptx by /home/vscode/.ptx/xsl/pretext-html.xsl
INFO    : comprehensive messages, warnings, and errors:
INFO    : successful application of /home/vscode/.ptx/xsl/pretext-html.xsl
INFO    : 
Success! Run `pretext view` to see the results.

